2025-04-08 21:27:38,406 - INFO - Starting to retrieve today's Outlook calendar events
2025-04-08 21:27:38,411 - INFO - Connecting to Outlook
2025-04-08 21:27:40,698 - INFO - Accessing calendar folder
2025-04-08 21:27:40,905 - INFO - Date range: 04/08/2025 00:00 AM to 04/09/2025 00:00 AM
2025-04-08 21:27:40,932 - INFO - Using restriction: [Start] >= '04/08/2025 00:00 AM' AND [Start] < '04/09/2025 00:00 AM'
2025-04-08 21:27:40,953 - INFO - Processing calendar items
2025-04-08 21:27:40,993 - INFO - Found event: Alignment sync improvement
2025-04-08 21:27:41,074 - INFO - Found event: BASE Cmr Ops staff meeting /ORI-update 'what's happening'
2025-04-08 21:27:41,091 - INFO - Found event: Bi-weekly meeting CX cockpit session (1h)
2025-04-08 21:27:41,109 - INFO - Found event: SC KPI review session (monthly) (slot 1)
2025-04-08 21:27:41,128 - INFO - Found event: SC KPI review session (monthly) (slot 2)
2025-04-08 21:27:41,148 - INFO - Found event: Alignment sync improvement
2025-04-08 21:27:41,168 - INFO - Found event: COBO Extended Tribe Table 
2025-04-08 21:27:41,190 - INFO - Found event: BuDDI(s) Sync
2025-04-08 21:27:41,212 - INFO - Found event: Annick holiday
2025-04-08 21:27:41,233 - INFO - Found event: Jens - Vacation
2025-04-08 21:27:41,256 - INFO - Found event: Verlof Jennifer
2025-04-08 21:27:41,278 - INFO - Found event: Alignment sync improvement
2025-04-08 21:27:41,299 - INFO - Found event: Bi-weekly meeting CX cockpit session (1,5h)
2025-04-08 21:27:41,318 - INFO - Found event: Bi-weekly meeting CX cockpit session (1,5h)
2025-04-08 21:27:41,335 - INFO - Found event: COT What's happening
2025-04-08 21:27:41,352 - INFO - Found event: Alignment sync improvement
2025-04-08 21:27:41,369 - INFO - Found event: COT What's happening
2025-04-08 21:27:41,388 - INFO - Found event: COS | Monthly announcements & context update
2025-04-08 21:27:41,409 - INFO - Found event: Alignment sync improvement
2025-04-08 21:27:41,421 - INFO - Retrieved 19 events for today
2025-04-08 21:33:38,526 - INFO - Starting to retrieve today's Outlook calendar events
2025-04-08 21:33:38,526 - INFO - Connecting to Outlook
2025-04-08 21:33:40,596 - INFO - Accessing calendar folder
2025-04-08 21:33:40,789 - INFO - Date range: 08/04/2025 00:00 AM to 09/04/2025 00:00 AM
2025-04-08 21:33:40,811 - INFO - Using restriction: [Start] >= '08/04/2025 00:00 AM' AND [Start] < '09/04/2025 00:00 AM'
2025-04-08 21:33:40,836 - INFO - Processing calendar items
2025-04-08 21:33:40,891 - INFO - Found event: SC heatmap - CX cockpit
2025-04-08 21:33:40,954 - INFO - Found event: SC KPI review session (monthly) (slot 1)
2025-04-08 21:33:40,970 - INFO - Found event: SC KPI review session (monthly) (slot 2)
2025-04-08 21:33:40,985 - INFO - Found event: Agenda sync improvement
2025-04-08 21:33:40,996 - INFO - Retrieved 4 events for today
2025-04-09 08:26:52,854 - INFO - Starting to retrieve today's Outlook calendar events
2025-04-09 08:26:52,854 - INFO - Connecting to Outlook
2025-04-09 08:26:56,723 - INFO - Accessing calendar folder
2025-04-09 08:26:57,127 - INFO - Date range: 09/04/2025 00:00 AM to 10/04/2025 00:00 AM
2025-04-09 08:26:57,194 - INFO - Using restriction: [Start] >= '09/04/2025 00:00 AM' AND [Start] < '10/04/2025 00:00 AM'
2025-04-09 08:26:57,244 - INFO - Processing calendar items
2025-04-09 08:26:57,302 - INFO - Found event: Team Meeting
2025-04-09 08:26:57,509 - INFO - Found event: Alignment sync improvement
2025-04-09 08:26:57,837 - INFO - Retrieved 3 events for today
2025-04-09 08:30:16,569 - INFO - Starting to retrieve today's Outlook calendar events
2025-04-09 08:30:16,570 - INFO - Connecting to Outlook
2025-04-09 08:30:19,068 - INFO - Accessing calendar folder
2025-04-09 08:30:19,298 - INFO - Date range: 09/04/2025 00:00 AM to 10/04/2025 00:00 AM
2025-04-09 08:30:19,333 - INFO - Using restriction: [Start] >= '09/04/2025 00:00 AM' AND [Start] < '10/04/2025 00:00 AM'
2025-04-09 08:30:19,367 - INFO - Processing calendar items
2025-04-09 08:30:19,424 - INFO - Found event: Outlook team notes
2025-04-09 08:30:19,596 - INFO - Found event: Team Meeting
2025-04-09 08:30:19,637 - INFO - Found event: Alignment sync improvement
2025-04-09 08:30:19,818 - INFO - Retrieved 4 events for today
2025-04-09 08:31:05,223 - INFO - Starting to retrieve today's Outlook calendar events
2025-04-09 08:31:05,223 - INFO - Connecting to Outlook
2025-04-09 08:31:07,315 - INFO - Accessing calendar folder
2025-04-09 08:31:07,493 - INFO - Date range: 09/04/2025 00:00 AM to 10/04/2025 00:00 AM
2025-04-09 08:31:07,518 - INFO - Using restriction: [Start] >= '09/04/2025 00:00 AM' AND [Start] < '10/04/2025 00:00 AM'
2025-04-09 08:31:07,555 - INFO - Processing calendar items
2025-04-09 08:31:07,614 - INFO - Found event: Outlook team notes
2025-04-09 08:31:07,747 - INFO - Found event: Team Meeting
2025-04-09 08:31:07,799 - INFO - Found event: Alignment sync improvement
2025-04-09 08:31:07,949 - INFO - Retrieved 4 events for today
2025-04-09 08:36:03,675 - INFO - Starting to retrieve today's Outlook calendar events
2025-04-09 08:36:03,675 - INFO - Connecting to Outlook
2025-04-09 08:36:05,984 - INFO - Accessing calendar folder
2025-04-09 08:36:06,217 - INFO - Date range: 09/04/2025 00:00 AM to 10/04/2025 00:00 AM
2025-04-09 08:36:06,243 - INFO - Using restriction: [Start] >= '09/04/2025 00:00 AM' AND [Start] < '10/04/2025 00:00 AM'
2025-04-09 08:36:06,287 - INFO - Processing calendar items
2025-04-09 08:36:06,345 - INFO - Found event: Outlook team notes
2025-04-09 08:36:06,531 - INFO - Found event: Team Meeting
2025-04-09 08:36:06,580 - INFO - Found event: Alignment sync improvement
2025-04-09 08:36:06,670 - INFO - Found event: ☁️ Move 2 Cloud Help Center [In-person]
2025-04-09 08:36:06,735 - INFO - Retrieved 4 events for today
2025-04-09 08:40:23,549 - INFO - Starting to retrieve today's Outlook calendar events
2025-04-09 08:40:23,549 - INFO - Connecting to Outlook
2025-04-09 08:40:25,759 - INFO - Accessing calendar folder
2025-04-09 08:40:25,981 - INFO - Date range: 09/04/2025 00:00 AM to 10/04/2025 00:00 AM
2025-04-09 08:40:26,012 - INFO - Using restriction: [Start] >= '09/04/2025 00:00 AM' AND [Start] < '10/04/2025 00:00 AM'
2025-04-09 08:40:26,057 - INFO - Processing calendar items
2025-04-09 08:40:26,177 - INFO - Found event: Outlook team notes
2025-04-09 08:40:26,311 - INFO - Found event: Team Meeting
2025-04-09 08:40:26,388 - INFO - Found event: Alignment sync improvement
2025-04-09 08:40:26,450 - INFO - Skipping OOO event: ☁️ Move 2 Cloud Help Center [In-person]
2025-04-09 08:40:26,451 - INFO - Retrieved 3 events for today
2025-04-09 08:48:40,093 - INFO - Starting to retrieve today's Outlook calendar events
2025-04-09 08:48:40,098 - INFO - Connecting to Outlook
2025-04-09 08:48:42,909 - INFO - Accessing calendar folder
2025-04-09 08:48:43,168 - INFO - Date range: 09/04/2025 00:00 AM to 10/04/2025 00:00 AM
2025-04-09 08:48:43,195 - INFO - Using restriction: [Start] >= '09/04/2025 00:00 AM' AND [Start] < '10/04/2025 00:00 AM'
2025-04-09 08:48:43,234 - INFO - Processing calendar items
2025-04-09 08:48:43,323 - INFO - Found event: Outlook team notes
2025-04-09 08:48:43,459 - INFO - Found event: Team Meeting
2025-04-09 08:48:43,533 - INFO - Found event: Alignment sync improvement
2025-04-09 08:48:43,599 - INFO - Skipping OOO event: ☁️ Move 2 Cloud Help Center [In-person]
2025-04-09 08:48:43,601 - INFO - Retrieved 3 events for today
2025-04-09 08:50:44,720 - INFO - Starting to retrieve today's Outlook calendar events
2025-04-09 08:50:44,720 - INFO - Connecting to Outlook
2025-04-09 08:50:46,815 - INFO - Accessing calendar folder
2025-04-09 08:50:47,005 - INFO - Today's date: 2025-04-09 00:00:00
2025-04-09 08:50:47,005 - INFO - Date range: 08/04/2025 00:00 AM to 10/04/2025 00:00 AM
2025-04-09 08:50:47,045 - INFO - Using restriction: [Start] >= '08/04/2025 00:00 AM' AND [Start] < '10/04/2025 00:00 AM'
2025-04-09 08:50:47,087 - INFO - Processing calendar items
2025-04-09 08:50:47,227 - INFO - Found event: SC heatmap - CX cockpit
2025-04-09 08:50:47,361 - INFO - Found event: SC KPI review session (monthly) (slot 1)
2025-04-09 08:50:47,445 - INFO - Found event: SC KPI review session (monthly) (slot 2)
2025-04-09 08:50:47,515 - INFO - Found event: Agenda sync improvement
2025-04-09 08:50:47,569 - INFO - Found event: Outlook team notes
2025-04-09 08:50:47,629 - INFO - Found event: Team Meeting
2025-04-09 08:50:47,724 - INFO - Found event: Alignment sync improvement
2025-04-09 08:50:47,799 - INFO - Skipping OOO event: ☁️ Move 2 Cloud Help Center [In-person]
2025-04-09 08:50:47,800 - INFO - Retrieved 7 events for today
